<?xml version="1.0" encoding="UTF-8"?>
<testng-results ignored="0" total="2" passed="2" failed="0" skipped="0">
  <reporter-output>
  </reporter-output>
  <suite started-at="2023-12-07T15:24:01 IST" name="Suite" finished-at="2023-12-07T15:24:09 IST" duration-ms="7923">
    <groups>
      <group name="smoke">
        <method signature="AmazonTest.launch()[pri:0, instance:demo.AmazonTest@b9b00e0]" name="launch" class="demo.AmazonTest"/>
        <method signature="FlipkartTest.launch()[pri:0, instance:demo.FlipkartTest@201a4587]" name="launch" class="demo.FlipkartTest"/>
      </group> <!-- smoke -->
    </groups>
    <test started-at="2023-12-07T15:24:01 IST" name="Test" finished-at="2023-12-07T15:24:09 IST" duration-ms="7923">
      <class name="demo.AmazonTest">
        <test-method signature="launch()[pri:0, instance:demo.AmazonTest@b9b00e0]" started-at="2023-12-07T15:24:05 IST" name="launch" finished-at="2023-12-07T15:24:09 IST" duration-ms="3616" status="PASS">
          <reporter-output>
          </reporter-output>
        </test-method> <!-- launch -->
      </class> <!-- demo.AmazonTest -->
      <class name="demo.FlipkartTest">
        <test-method signature="launch()[pri:0, instance:demo.FlipkartTest@201a4587]" started-at="2023-12-07T15:24:01 IST" name="launch" finished-at="2023-12-07T15:24:05 IST" duration-ms="4249" status="PASS">
          <reporter-output>
          </reporter-output>
        </test-method> <!-- launch -->
      </class> <!-- demo.FlipkartTest -->
    </test> <!-- Test -->
  </suite> <!-- Suite -->
</testng-results>
